build/outputs/logs/manifest-merger-debug-report.txt
-- Merging decision tree log ---
manifest
ADDED from AndroidGit\LView\AndroidManifest.xml:2:1-34:12
	package
		ADDED from AndroidGit\LView\AndroidManifest.xml:3:5-22
	android:versionName
		ADDED from AndroidGit\LView\AndroidManifest.xml:5:5-30
	android:versionCode
		ADDED from AndroidGit\LView\AndroidManifest.xml:4:5-28
		INJECTED from AndroidGit\LView\AndroidManifest.xml
		INJECTED from AndroidGit\LView\AndroidManifest.xml
	xmlns:android
		ADDED from AndroidGit\LView\AndroidManifest.xml:2:11-69
uses-sdk
ADDED from AndroidGit\LView\AndroidManifest.xml:7:5-9:41
	android:targetSdkVersion
		ADDED from AndroidGit\LView\AndroidManifest.xml:9:9-38
	android:minSdkVersion
		ADDED from AndroidGit\LView\AndroidManifest.xml:8:9-34
application
ADDED from AndroidGit\LView\AndroidManifest.xml:11:5-32:19
	android:label
		ADDED from AndroidGit\LView\AndroidManifest.xml:14:9-41
	android:allowBackup
		ADDED from AndroidGit\LView\AndroidManifest.xml:12:9-35
	android:icon
		ADDED from AndroidGit\LView\AndroidManifest.xml:13:9-45
	android:theme
		ADDED from AndroidGit\LView\AndroidManifest.xml:15:9-40
activity#com.l.j.MainActivity
ADDED from AndroidGit\LView\AndroidManifest.xml:16:9-23:20
	android:label
		ADDED from AndroidGit\LView\AndroidManifest.xml:18:13-45
	android:name
		ADDED from AndroidGit\LView\AndroidManifest.xml:17:13-48
intent-filter#android.intent.action.MAIN+android.intent.category.LAUNCHER
ADDED from AndroidGit\LView\AndroidManifest.xml:19:13-22:29
action#android.intent.action.MAIN
ADDED from AndroidGit\LView\AndroidManifest.xml:20:17-69
	android:name
		ADDED from AndroidGit\LView\AndroidManifest.xml:20:25-66
category#android.intent.category.LAUNCHER
ADDED from AndroidGit\LView\AndroidManifest.xml:21:17-77
	android:name
		ADDED from AndroidGit\LView\AndroidManifest.xml:21:27-74
activity#com.l.j.ChooseBgTest
ADDED from AndroidGit\LView\AndroidManifest.xml:24:10-25:50
	android:name
		ADDED from AndroidGit\LView\AndroidManifest.xml:25:13-48
activity#com.l.j.ClockTest
ADDED from AndroidGit\LView\AndroidManifest.xml:26:10-27:47
	android:name
		ADDED from AndroidGit\LView\AndroidManifest.xml:27:13-45
activity#com.l.j.ViewTest
ADDED from AndroidGit\LView\AndroidManifest.xml:28:10-29:46
	android:name
		ADDED from AndroidGit\LView\AndroidManifest.xml:29:13-44
activity#com.l.j.PageTest
ADDED from AndroidGit\LView\AndroidManifest.xml:30:10-31:46
	android:name
		ADDED from AndroidGit\LView\AndroidManifest.xml:31:13-44